#
# A fatal error has been detected by the Java Runtime Environment:
#
#  EXCEPTION_ACCESS_VIOLATION (0xc0000005) at pc=0x00007ffd0797054e, pid=7136, tid=10060
#
# JRE version: Java(TM) SE Runtime Environment (8.0_73-b02) (build 1.8.0_73-b02)
# Java VM: Java HotSpot(TM) 64-Bit Server VM (25.73-b02 mixed mode windows-amd64 compressed oops)
# Problematic frame:
# C  [dds_java.dll+0x1054e]
#
# Failed to write core dump. Minidumps are not enabled by default on client versions of Windows
#
# If you would like to submit a bug report, please visit:
#   http://bugreport.java.com/bugreport/crash.jsp
# The crash happened outside the Java Virtual Machine in native code.
# See problematic frame for where to report the bug.
#

---------------  T H R E A D  ---------------

Current thread (0x0000000019969000):  JavaThread "pool-2-thread-1" [_thread_in_native, id=10060, stack(0x000000001b3a0000,0x000000001b4a0000)]

siginfo: ExceptionCode=0xc0000005, reading address 0x0000000000000000

Registers:
RAX=0x0000000018eaa410, RBX=0x0000000018e98170, RCX=0x0000000000000000, RDX=0x0000000018e98170
RSP=0x000000001b49e5d0, RBP=0x0000000018ea8f60, RSI=0x0000000000000000, RDI=0x0000000000000001
R8 =0x0000000000000000, R9 =0x0000000018ea9058, R10=0x0000000000000000, R11=0x0000000018ea9fe0
R12=0x0000000000000000, R13=0x0000000018eb8af0, R14=0x0000000000000000, R15=0x0000000000000000
RIP=0x00007ffd0797054e, EFLAGS=0x0000000000010202

Top of Stack: (sp=0x000000001b49e5d0)
0x000000001b49e5d0:   0000000018eb6ec0 0000000000000000
0x000000001b49e5e0:   0000000002197630 0000000018ea7248
0x000000001b49e5f0:   0000000000000000 00007ffd07998bdb
0x000000001b49e600:   0000000018e98170 0000000018eb89b8
0x000000001b49e610:   0000000018eb8a40 00007ffd079bb3fb
0x000000001b49e620:   0000000002197630 0000000018ea7248
0x000000001b49e630:   0000000018eb6648 0000000000000001
0x000000001b49e640:   0000000018eb8a40 00007ffd0798d37c
0x000000001b49e650:   0000000018ea8ed0 0000000018ea2b01
0x000000001b49e660:   0000000018eb8a40 0000000066a20000
0x000000001b49e670:   0000000018ea8e50 00007ffd0798f4bc
0x000000001b49e680:   0000000018eb89b8 0000000018ea2b60
0x000000001b49e690:   0000000018eb89b8 000000001b49e530
0x000000001b49e6a0:   0000000018eb8740 0000000018eaa110
0x000000001b49e6b0:   0000000018eb6648 0000000002199a60
0x000000001b49e6c0:   0000000002197630 00007ffd079906a0 

Instructions: (pc=0x00007ffd0797054e)
0x00007ffd0797052e:   48 8b 5c 24 08 c3 48 8b 5c 24 08 33 c0 c3 cc cc
0x00007ffd0797053e:   cc cc 48 89 5c 24 08 57 48 83 ec 20 48 8d 79 01
0x00007ffd0797054e:   0f be 09 48 8b da 8b c1 84 c9 74 57 66 0f 1f 44
0x00007ffd0797055e:   00 00 83 f8 2a 74 5e 83 f8 3f 74 33 83 f8 5b 74 


Register to memory mapping:

RAX=0x0000000018eaa410 is an unknown value
RBX=0x0000000018e98170 is an unknown value
RCX=0x0000000000000000 is an unknown value
RDX=0x0000000018e98170 is an unknown value
RSP=0x000000001b49e5d0 is pointing into the stack for thread: 0x0000000019969000
RBP=0x0000000018ea8f60 is an unknown value
RSI=0x0000000000000000 is an unknown value
RDI=0x0000000000000001 is an unknown value
R8 =0x0000000000000000 is an unknown value
R9 =0x0000000018ea9058 is an unknown value
R10=0x0000000000000000 is an unknown value
R11=0x0000000018ea9fe0 is an unknown value
R12=0x0000000000000000 is an unknown value
R13=0x0000000018eb8af0 is an unknown value
R14=0x0000000000000000 is an unknown value
R15=0x0000000000000000 is an unknown value


Stack: [0x000000001b3a0000,0x000000001b4a0000],  sp=0x000000001b49e5d0,  free space=1017k
Native frames: (J=compiled Java code, j=interpreted, Vv=VM code, C=native code)
C  [dds_java.dll+0x1054e]
C  [dds_java.dll+0x38bdb]
C  [dds_java.dll+0x2d37c]
C  [dds_java.dll+0x2f4bc]
C  [dds_java.dll+0x306a0]
C  [dds_java.dll+0x315b9]
C  [dds_java.dll+0x36df0]
C  [dds_java.dll+0x376dc]
C  [dds_java.dll+0x47027]
C  0x0000000002425e34

Java frames: (J=compiled Java code, j=interpreted, Vv=VM code)
j  com.toc.coredx.DDS.coredxJNI.DDS_DataWriter_enable(J)I+0
j  com.toc.coredx.DDS.coredx.DDS_DataWriter_enable(Lcom/toc/coredx/DDS/SWIGTYPE_p__DataWriter;)I+4
j  com.toc.coredx.DDS.DataWriter.enable()Lcom/toc/coredx/DDS/ReturnCode_t;+4
j  com.toc.coredx.DDS.Publisher.create_datawriter(Lcom/toc/coredx/DDS/Topic;Lcom/toc/coredx/DDS/DataWriterQos;Lcom/toc/coredx/DDS/DataWriterListener;J)Lcom/toc/coredx/DDS/DataWriter;+159
j  br.ufg.inf.mestrado.hermesbase.HermesBaseManager.publishNotification(Ljava/lang/String;Ljava/lang/String;Ljava/lang/String;Ljava/lang/String;[BLjava/lang/String;)Z+85
j  br.ufg.inf.mestrado.hermeswidget.manager.services.HWNotificationService.run()V+64
j  java.util.concurrent.Executors$RunnableAdapter.call()Ljava/lang/Object;+4
j  java.util.concurrent.FutureTask.run()V+42
j  java.util.concurrent.ScheduledThreadPoolExecutor$ScheduledFutureTask.access$201(Ljava/util/concurrent/ScheduledThreadPoolExecutor$ScheduledFutureTask;)V+1
j  java.util.concurrent.ScheduledThreadPoolExecutor$ScheduledFutureTask.run()V+30
j  java.util.concurrent.ThreadPoolExecutor.runWorker(Ljava/util/concurrent/ThreadPoolExecutor$Worker;)V+95
j  java.util.concurrent.ThreadPoolExecutor$Worker.run()V+5
j  java.lang.Thread.run()V+11
v  ~StubRoutines::call_stub

---------------  P R O C E S S  ---------------

Java Threads: ( => current thread )
  0x0000000019c34000 JavaThread "pool-2-thread-30" [_thread_blocked, id=1708, stack(0x000000001d1a0000,0x000000001d2a0000)]
  0x0000000019c37000 JavaThread "pool-2-thread-29" [_thread_blocked, id=10540, stack(0x000000001d0a0000,0x000000001d1a0000)]
  0x0000000019c33000 JavaThread "pool-2-thread-28" [_thread_blocked, id=4656, stack(0x000000001cfa0000,0x000000001d0a0000)]
  0x0000000019c2b800 JavaThread "pool-2-thread-27" [_thread_blocked, id=11996, stack(0x000000001cea0000,0x000000001cfa0000)]
  0x0000000019c31800 JavaThread "pool-2-thread-26" [_thread_blocked, id=2164, stack(0x000000001cda0000,0x000000001cea0000)]
  0x0000000019c2f800 JavaThread "pool-2-thread-25" [_thread_blocked, id=3940, stack(0x000000001cca0000,0x000000001cda0000)]
  0x0000000019c31000 JavaThread "pool-2-thread-24" [_thread_blocked, id=10972, stack(0x000000001cba0000,0x000000001cca0000)]
  0x0000000019c30000 JavaThread "pool-2-thread-23" [_thread_blocked, id=2948, stack(0x000000001caa0000,0x000000001cba0000)]
  0x0000000019c2e800 JavaThread "pool-2-thread-22" [_thread_blocked, id=7916, stack(0x000000001c9a0000,0x000000001caa0000)]
  0x0000000019c2e000 JavaThread "pool-2-thread-21" [_thread_blocked, id=7152, stack(0x000000001c8a0000,0x000000001c9a0000)]
  0x0000000019c2d000 JavaThread "pool-2-thread-20" [_thread_blocked, id=2620, stack(0x000000001c7a0000,0x000000001c8a0000)]
  0x0000000019c2c800 JavaThread "pool-2-thread-19" [_thread_blocked, id=9172, stack(0x000000001c6a0000,0x000000001c7a0000)]
  0x0000000019c32800 JavaThread "pool-2-thread-18" [_thread_blocked, id=8968, stack(0x000000001c5a0000,0x000000001c6a0000)]
  0x0000000019bbf800 JavaThread "pool-2-thread-17" [_thread_blocked, id=11724, stack(0x000000001c4a0000,0x000000001c5a0000)]
  0x0000000019bbd000 JavaThread "pool-2-thread-16" [_thread_blocked, id=2372, stack(0x000000001c3a0000,0x000000001c4a0000)]
  0x0000000019bc4000 JavaThread "pool-2-thread-15" [_thread_blocked, id=2220, stack(0x000000001c2a0000,0x000000001c3a0000)]
  0x0000000019bc3000 JavaThread "pool-2-thread-14" [_thread_blocked, id=4736, stack(0x000000001c1a0000,0x000000001c2a0000)]
  0x0000000019bc1800 JavaThread "pool-2-thread-13" [_thread_blocked, id=9512, stack(0x000000001c0a0000,0x000000001c1a0000)]
  0x0000000019bbe000 JavaThread "pool-2-thread-12" [_thread_blocked, id=3892, stack(0x000000001bfa0000,0x000000001c0a0000)]
  0x0000000019bbe800 JavaThread "pool-2-thread-11" [_thread_blocked, id=7524, stack(0x000000001bea0000,0x000000001bfa0000)]
  0x0000000019bc2800 JavaThread "pool-2-thread-10" [_thread_blocked, id=7256, stack(0x000000001bda0000,0x000000001bea0000)]
  0x0000000019bc0000 JavaThread "pool-2-thread-9" [_thread_blocked, id=768, stack(0x000000001bba0000,0x000000001bca0000)]
  0x0000000019bc1000 JavaThread "pool-2-thread-8" [_thread_blocked, id=2520, stack(0x000000001baa0000,0x000000001bba0000)]
  0x000000001995e800 JavaThread "pool-2-thread-7" [_thread_blocked, id=9760, stack(0x000000001b9a0000,0x000000001baa0000)]
  0x000000001995a000 JavaThread "pool-2-thread-6" [_thread_blocked, id=5640, stack(0x000000001b8a0000,0x000000001b9a0000)]
  0x0000000019964800 JavaThread "pool-2-thread-5" [_thread_blocked, id=4664, stack(0x000000001b7a0000,0x000000001b8a0000)]
  0x0000000019956000 JavaThread "pool-2-thread-4" [_thread_blocked, id=10984, stack(0x000000001b6a0000,0x000000001b7a0000)]
  0x0000000019952800 JavaThread "pool-2-thread-3" [_thread_blocked, id=8, stack(0x000000001b5a0000,0x000000001b6a0000)]
  0x0000000019951000 JavaThread "pool-2-thread-2" [_thread_blocked, id=10912, stack(0x000000001b4a0000,0x000000001b5a0000)]
=>0x0000000019969000 JavaThread "pool-2-thread-1" [_thread_in_native, id=10060, stack(0x000000001b3a0000,0x000000001b4a0000)]
  0x000000000220e000 JavaThread "DestroyJavaVM" [_thread_blocked, id=3924, stack(0x0000000002210000,0x0000000002310000)]
  0x0000000018b02800 JavaThread "pool-1-thread-1" [_thread_blocked, id=2404, stack(0x0000000019390000,0x0000000019490000)]
  0x0000000018a4f800 JavaThread "Thread-2" daemon [_thread_in_native, id=11036, stack(0x0000000019190000,0x0000000019290000)]
  0x0000000018a59000 JavaThread "Thread-1" daemon [_thread_in_native, id=10748, stack(0x0000000019090000,0x0000000019190000)]
  0x0000000018a5a000 JavaThread "Thread-0" daemon [_thread_in_native, id=11912, stack(0x0000000019290000,0x0000000019390000)]
  0x00000000188b0800 JavaThread "Service Thread" daemon [_thread_blocked, id=4004, stack(0x0000000018c90000,0x0000000018d90000)]
  0x0000000016f38000 JavaThread "C1 CompilerThread2" daemon [_thread_blocked, id=11340, stack(0x0000000018790000,0x0000000018890000)]
  0x0000000016f31000 JavaThread "C2 CompilerThread1" daemon [_thread_blocked, id=8136, stack(0x0000000018690000,0x0000000018790000)]
  0x0000000016f2e800 JavaThread "C2 CompilerThread0" daemon [_thread_blocked, id=6108, stack(0x0000000018590000,0x0000000018690000)]
  0x0000000016f2d800 JavaThread "Attach Listener" daemon [_thread_blocked, id=6416, stack(0x0000000018490000,0x0000000018590000)]
  0x0000000016f2d000 JavaThread "Signal Dispatcher" daemon [_thread_blocked, id=7244, stack(0x0000000018390000,0x0000000018490000)]
  0x0000000002408800 JavaThread "Finalizer" daemon [_thread_blocked, id=12008, stack(0x0000000018190000,0x0000000018290000)]
  0x0000000002400000 JavaThread "Reference Handler" daemon [_thread_blocked, id=1076, stack(0x0000000018090000,0x0000000018190000)]

Other Threads:
  0x0000000016ef7800 VMThread [stack: 0x0000000017f90000,0x0000000018090000] [id=9640]
  0x00000000188f5000 WatcherThread [stack: 0x0000000018d90000,0x0000000018e90000] [id=5224]

VM state:not at safepoint (normal execution)

VM Mutex/Monitor currently owned by a thread: None

Heap:
 PSYoungGen      total 71680K, used 31478K [0x00000000d5f80000, 0x00000000e0580000, 0x0000000100000000)
  eden space 66560K, 39% used [0x00000000d5f80000,0x00000000d7944d90,0x00000000da080000)
  from space 5120K, 99% used [0x00000000da080000,0x00000000da578b08,0x00000000da580000)
  to   space 18432K, 0% used [0x00000000df380000,0x00000000df380000,0x00000000e0580000)
 ParOldGen       total 87552K, used 28140K [0x0000000081e00000, 0x0000000087380000, 0x00000000d5f80000)
  object space 87552K, 32% used [0x0000000081e00000,0x000000008397b268,0x0000000087380000)
 Metaspace       used 14179K, capacity 14268K, committed 14592K, reserved 1062912K
  class space    used 1900K, capacity 1938K, committed 2048K, reserved 1048576K

Card table byte_map: [0x00000000117d0000,0x0000000011bd0000] byte_map_base: 0x00000000113c1000

Marking Bits: (ParMarkBitMap*) 0x0000000067100600
 Begin Bits: [0x0000000012280000, 0x0000000014208000)
 End Bits:   [0x0000000014208000, 0x0000000016190000)

Polling page: 0x0000000000410000

CodeCache: size=245760Kb used=4405Kb max_used=4415Kb free=241354Kb
 bounds [0x0000000002410000, 0x0000000002870000, 0x0000000011410000]
 total_blobs=1675 nmethods=1267 adapters=320
 compilation: enabled

Compilation events (10 events):
Event: 16.724 Thread 0x0000000016f31000 nmethod 1245 0x0000000002858810 code [0x0000000002858bc0, 0x000000000285b6e8]
Event: 16.806 Thread 0x0000000016f2e800 nmethod 1246 0x000000000285ead0 code [0x000000000285ee80, 0x0000000002861948]
Event: 18.489 Thread 0x0000000016f31000 1263       4       java.nio.DirectLongBufferU::get (16 bytes)
Event: 18.489 Thread 0x0000000016f2e800 1264       4       java.lang.String::regionMatches (149 bytes)
Event: 18.490 Thread 0x0000000016f31000 nmethod 1263 0x000000000284ef90 code [0x000000000284f0c0, 0x000000000284f158]
Event: 18.492 Thread 0x0000000016f38000 1265       3       java.lang.Class::checkInitted (19 bytes)
Event: 18.492 Thread 0x0000000016f38000 nmethod 1265 0x0000000002851950 code [0x0000000002851ac0, 0x0000000002851d88]
Event: 18.500 Thread 0x0000000016f2e800 nmethod 1264 0x000000000284bf50 code [0x000000000284c0c0, 0x000000000284c858]
Event: 18.504 Thread 0x0000000016f38000 1267   !   3       java.lang.ClassLoader::findNative (86 bytes)
Event: 18.505 Thread 0x0000000016f38000 nmethod 1267 0x000000000284b0d0 code [0x000000000284b280, 0x000000000284bb38]

GC Heap History (10 events):
Event: 15.358 GC heap before
{Heap before GC invocations=1 (full 0):
 PSYoungGen      total 38400K, used 33280K [0x00000000d5f80000, 0x00000000d8a00000, 0x0000000100000000)
  eden space 33280K, 100% used [0x00000000d5f80000,0x00000000d8000000,0x00000000d8000000)
  from space 5120K, 0% used [0x00000000d8500000,0x00000000d8500000,0x00000000d8a00000)
  to   space 5120K, 0% used [0x00000000d8000000,0x00000000d8000000,0x00000000d8500000)
 ParOldGen       total 87552K, used 0K [0x0000000081e00000, 0x0000000087380000, 0x00000000d5f80000)
  object space 87552K, 0% used [0x0000000081e00000,0x0000000081e00000,0x0000000087380000)
 Metaspace       used 3915K, capacity 5400K, committed 5632K, reserved 1056768K
  class space    used 401K, capacity 456K, committed 512K, reserved 1048576K
Event: 15.365 GC heap after
Heap after GC invocations=1 (full 0):
 PSYoungGen      total 38400K, used 5116K [0x00000000d5f80000, 0x00000000d8a00000, 0x0000000100000000)
  eden space 33280K, 0% used [0x00000000d5f80000,0x00000000d5f80000,0x00000000d8000000)
  from space 5120K, 99% used [0x00000000d8000000,0x00000000d84ff0f8,0x00000000d8500000)
  to   space 5120K, 0% used [0x00000000d8500000,0x00000000d8500000,0x00000000d8a00000)
 ParOldGen       total 87552K, used 26K [0x0000000081e00000, 0x0000000087380000, 0x00000000d5f80000)
  object space 87552K, 0% used [0x0000000081e00000,0x0000000081e068b8,0x0000000087380000)
 Metaspace       used 3915K, capacity 5400K, committed 5632K, reserved 1056768K
  class space    used 401K, capacity 456K, committed 512K, reserved 1048576K
}
Event: 15.414 GC heap before
{Heap before GC invocations=2 (full 0):
 PSYoungGen      total 38400K, used 38396K [0x00000000d5f80000, 0x00000000d8a00000, 0x0000000100000000)
  eden space 33280K, 100% used [0x00000000d5f80000,0x00000000d8000000,0x00000000d8000000)
  from space 5120K, 99% used [0x00000000d8000000,0x00000000d84ff0f8,0x00000000d8500000)
  to   space 5120K, 0% used [0x00000000d8500000,0x00000000d8500000,0x00000000d8a00000)
 ParOldGen       total 87552K, used 26K [0x0000000081e00000, 0x0000000087380000, 0x00000000d5f80000)
  object space 87552K, 0% used [0x0000000081e00000,0x0000000081e068b8,0x0000000087380000)
 Metaspace       used 3928K, capacity 5400K, committed 5632K, reserved 1056768K
  class space    used 401K, capacity 456K, committed 512K, reserved 1048576K
Event: 15.425 GC heap after
Heap after GC invocations=2 (full 0):
 PSYoungGen      total 38400K, used 5110K [0x00000000d5f80000, 0x00000000daa80000, 0x0000000100000000)
  eden space 33280K, 0% used [0x00000000d5f80000,0x00000000d5f80000,0x00000000d8000000)
  from space 5120K, 99% used [0x00000000d8500000,0x00000000d89fdba8,0x00000000d8a00000)
  to   space 5120K, 0% used [0x00000000d8000000,0x00000000d8000000,0x00000000d8500000)
 ParOldGen       total 87552K, used 4762K [0x0000000081e00000, 0x0000000087380000, 0x00000000d5f80000)
  object space 87552K, 5% used [0x0000000081e00000,0x00000000822a68b8,0x0000000087380000)
 Metaspace       used 3928K, capacity 5400K, committed 5632K, reserved 1056768K
  class space    used 401K, capacity 456K, committed 512K, reserved 1048576K
}
Event: 15.441 GC heap before
{Heap before GC invocations=3 (full 0):
 PSYoungGen      total 38400K, used 38390K [0x00000000d5f80000, 0x00000000daa80000, 0x0000000100000000)
  eden space 33280K, 100% used [0x00000000d5f80000,0x00000000d8000000,0x00000000d8000000)
  from space 5120K, 99% used [0x00000000d8500000,0x00000000d89fdba8,0x00000000d8a00000)
  to   space 5120K, 0% used [0x00000000d8000000,0x00000000d8000000,0x00000000d8500000)
 ParOldGen       total 87552K, used 4762K [0x0000000081e00000, 0x0000000087380000, 0x00000000d5f80000)
  object space 87552K, 5% used [0x0000000081e00000,0x00000000822a68b8,0x0000000087380000)
 Metaspace       used 3928K, capacity 5400K, committed 5632K, reserved 1056768K
  class space    used 401K, capacity 456K, committed 512K, reserved 1048576K
Event: 15.452 GC heap after
Heap after GC invocations=3 (full 0):
 PSYoungGen      total 38400K, used 5090K [0x00000000d5f80000, 0x00000000daa80000, 0x0000000100000000)
  eden space 33280K, 0% used [0x00000000d5f80000,0x00000000d5f80000,0x00000000d8000000)
  from space 5120K, 99% used [0x00000000d8000000,0x00000000d84f8980,0x00000000d8500000)
  to   space 5120K, 0% used [0x00000000da580000,0x00000000da580000,0x00000000daa80000)
 ParOldGen       total 87552K, used 10162K [0x0000000081e00000, 0x0000000087380000, 0x00000000d5f80000)
  object space 87552K, 11% used [0x0000000081e00000,0x00000000827ec8b8,0x0000000087380000)
 Metaspace       used 3928K, capacity 5400K, committed 5632K, reserved 1056768K
  class space    used 401K, capacity 456K, committed 512K, reserved 1048576K
}
Event: 15.471 GC heap before
{Heap before GC invocations=4 (full 0):
 PSYoungGen      total 38400K, used 38370K [0x00000000d5f80000, 0x00000000daa80000, 0x0000000100000000)
  eden space 33280K, 100% used [0x00000000d5f80000,0x00000000d8000000,0x00000000d8000000)
  from space 5120K, 99% used [0x00000000d8000000,0x00000000d84f8980,0x00000000d8500000)
  to   space 5120K, 0% used [0x00000000da580000,0x00000000da580000,0x00000000daa80000)
 ParOldGen       total 87552K, used 10162K [0x0000000081e00000, 0x0000000087380000, 0x00000000d5f80000)
  object space 87552K, 11% used [0x0000000081e00000,0x00000000827ec8b8,0x0000000087380000)
 Metaspace       used 3929K, capacity 5400K, committed 5632K, reserved 1056768K
  class space    used 401K, capacity 456K, committed 512K, reserved 1048576K
Event: 15.483 GC heap after
Heap after GC invocations=4 (full 0):
 PSYoungGen      total 71680K, used 5099K [0x00000000d5f80000, 0x00000000daa80000, 0x0000000100000000)
  eden space 66560K, 0% used [0x00000000d5f80000,0x00000000d5f80000,0x00000000da080000)
  from space 5120K, 99% used [0x00000000da580000,0x00000000daa7ae28,0x00000000daa80000)
  to   space 5120K, 0% used [0x00000000da080000,0x00000000da080000,0x00000000da580000)
 ParOldGen       total 87552K, used 15498K [0x0000000081e00000, 0x0000000087380000, 0x00000000d5f80000)
  object space 87552K, 17% used [0x0000000081e00000,0x0000000082d228b8,0x0000000087380000)
 Metaspace       used 3929K, capacity 5400K, committed 5632K, reserved 1056768K
  class space    used 401K, capacity 456K, committed 512K, reserved 1048576K
}
Event: 16.054 GC heap before
{Heap before GC invocations=5 (full 0):
 PSYoungGen      total 71680K, used 71659K [0x00000000d5f80000, 0x00000000daa80000, 0x0000000100000000)
  eden space 66560K, 100% used [0x00000000d5f80000,0x00000000da080000,0x00000000da080000)
  from space 5120K, 99% used [0x00000000da580000,0x00000000daa7ae28,0x00000000daa80000)
  to   space 5120K, 0% used [0x00000000da080000,0x00000000da080000,0x00000000da580000)
 ParOldGen       total 87552K, used 15498K [0x0000000081e00000, 0x0000000087380000, 0x00000000d5f80000)
  object space 87552K, 17% used [0x0000000081e00000,0x0000000082d228b8,0x0000000087380000)
 Metaspace       used 10032K, capacity 10134K, committed 10240K, reserved 1058816K
  class space    used 1227K, capacity 1265K, committed 1280K, reserved 1048576K
Event: 16.075 GC heap after
Heap after GC invocations=5 (full 0):
 PSYoungGen      total 71680K, used 5090K [0x00000000d5f80000, 0x00000000e0580000, 0x0000000100000000)
  eden space 66560K, 0% used [0x00000000d5f80000,0x00000000d5f80000,0x00000000da080000)
  from space 5120K, 99% used [0x00000000da080000,0x00000000da578b08,0x00000000da580000)
  to   space 18432K, 0% used [0x00000000df380000,0x00000000df380000,0x00000000e0580000)
 ParOldGen       total 87552K, used 28140K [0x0000000081e00000, 0x0000000087380000, 0x00000000d5f80000)
  object space 87552K, 32% used [0x0000000081e00000,0x000000008397b268,0x0000000087380000)
 Metaspace       used 10032K, capacity 10134K, committed 10240K, reserved 1058816K
  class space    used 1227K, capacity 1265K, committed 1280K, reserved 1048576K
}

Deoptimization events (10 events):
Event: 15.517 Thread 0x0000000018b02800 Uncommon trap: reason=unstable_if action=reinterpret pc=0x000000000258eb80 method=java.io.BufferedReader.readLine(Z)Ljava/lang/String; @ 160
Event: 15.573 Thread 0x0000000018b02800 Uncommon trap: reason=unstable_if action=reinterpret pc=0x00000000025bec64 method=java.lang.String.indexOf([CII[CIII)I @ 134
Event: 15.957 Thread 0x0000000018b02800 Uncommon trap: reason=unstable_if action=reinterpret pc=0x000000000263a560 method=java.lang.String.indexOf([CII[CIII)I @ 3
Event: 16.239 Thread 0x0000000018b02800 Uncommon trap: reason=unstable_if action=reinterpret pc=0x00000000026ac1fc method=java.util.HashMap.getNode(ILjava/lang/Object;)Ljava/util/HashMap$Node; @ 129
Event: 16.260 Thread 0x0000000018b02800 Uncommon trap: reason=unstable_if action=reinterpret pc=0x0000000002690738 method=java.io.WinNTFileSystem.normalize(Ljava/lang/String;)Ljava/lang/String; @ 128
Event: 16.290 Thread 0x0000000018b02800 Uncommon trap: reason=unstable_if action=reinterpret pc=0x000000000255b7e8 method=java.lang.String.startsWith(Ljava/lang/String;I)Z @ 25
Event: 16.424 Thread 0x0000000018b02800 Uncommon trap: reason=class_check action=maybe_recompile pc=0x0000000002641c5c method=java.lang.String.equals(Ljava/lang/Object;)Z @ 8
Event: 16.424 Thread 0x0000000018b02800 Uncommon trap: reason=class_check action=maybe_recompile pc=0x0000000002641c5c method=java.lang.String.equals(Ljava/lang/Object;)Z @ 8
Event: 16.424 Thread 0x0000000018b02800 Uncommon trap: reason=class_check action=maybe_recompile pc=0x0000000002641c5c method=java.lang.String.equals(Ljava/lang/Object;)Z @ 8
Event: 16.424 Thread 0x0000000018b02800 Uncommon trap: reason=class_check action=maybe_recompile pc=0x0000000002641c5c method=java.lang.String.equals(Ljava/lang/Object;)Z @ 8

Internal exceptions (10 events):
Event: 15.631 Thread 0x0000000018b02800 Exception <a 'java/lang/ClassNotFoundException': org/apache/log4j/WriterAppenderCustomizer> (0x00000000d9061018) thrown at [D:\re\puppet\workspace\8-2-build-windows-amd64-cygwin\jdk8u73\6086\hotspot\src\share\vm\classfile\systemDictionary.cpp, line 210]
Event: 15.633 Thread 0x0000000018b02800 Exception <a 'java/lang/ClassNotFoundException': org/apache/log4j/ConsoleAppenderCustomizer> (0x00000000d9076ef0) thrown at [D:\re\puppet\workspace\8-2-build-windows-amd64-cygwin\jdk8u73\6086\hotspot\src\share\vm\classfile\systemDictionary.cpp, line 210]
Event: 15.985 Thread 0x0000000018b02800 Exception <a 'java/lang/ArrayIndexOutOfBoundsException'> (0x00000000d9d1adc0) thrown at [D:\re\puppet\workspace\8-2-build-windows-amd64-cygwin\jdk8u73\6086\hotspot\src\share\vm\runtime\sharedRuntime.cpp, line 605]
Event: 15.985 Thread 0x0000000018b02800 Exception <a 'java/lang/ArrayIndexOutOfBoundsException'> (0x00000000d9d1c068) thrown at [D:\re\puppet\workspace\8-2-build-windows-amd64-cygwin\jdk8u73\6086\hotspot\src\share\vm\runtime\sharedRuntime.cpp, line 605]
Event: 15.986 Thread 0x0000000018b02800 Exception <a 'java/lang/ArrayIndexOutOfBoundsException'> (0x00000000d9d1d858) thrown at [D:\re\puppet\workspace\8-2-build-windows-amd64-cygwin\jdk8u73\6086\hotspot\src\share\vm\runtime\sharedRuntime.cpp, line 605]
Event: 15.994 Thread 0x0000000018b02800 Exception <a 'java/lang/ArrayIndexOutOfBoundsException'> (0x00000000d9d43b90) thrown at [D:\re\puppet\workspace\8-2-build-windows-amd64-cygwin\jdk8u73\6086\hotspot\src\share\vm\runtime\sharedRuntime.cpp, line 605]
Event: 15.994 Thread 0x0000000018b02800 Exception <a 'java/lang/ArrayIndexOutOfBoundsException'> (0x00000000d9d44df8) thrown at [D:\re\puppet\workspace\8-2-build-windows-amd64-cygwin\jdk8u73\6086\hotspot\src\share\vm\runtime\sharedRuntime.cpp, line 605]
Event: 15.994 Thread 0x0000000018b02800 Exception <a 'java/lang/ArrayIndexOutOfBoundsException'> (0x00000000d9d466e0) thrown at [D:\re\puppet\workspace\8-2-build-windows-amd64-cygwin\jdk8u73\6086\hotspot\src\share\vm\runtime\sharedRuntime.cpp, line 605]
Event: 16.002 Thread 0x0000000018b02800 Exception <a 'java/lang/ArrayIndexOutOfBoundsException'> (0x00000000d9d6c7c0) thrown at [D:\re\puppet\workspace\8-2-build-windows-amd64-cygwin\jdk8u73\6086\hotspot\src\share\vm\runtime\sharedRuntime.cpp, line 605]
Event: 16.010 Thread 0x0000000018b02800 Exception <a 'java/lang/ArrayIndexOutOfBoundsException'> (0x00000000d9d7c058) thrown at [D:\re\puppet\workspace\8-2-build-windows-amd64-cygwin\jdk8u73\6086\hotspot\src\share\vm\runtime\sharedRuntime.cpp, line 605]

Events (10 events):
Event: 18.503 loading class com/toc/coredx/DDS/DDS_OwnershipStrengthQosPolicy
Event: 18.503 loading class com/toc/coredx/DDS/DDS_OwnershipStrengthQosPolicy done
Event: 18.503 loading class com/toc/coredx/DDS/DDS_WriterDataLifecycleQosPolicy
Event: 18.503 loading class com/toc/coredx/DDS/DDS_WriterDataLifecycleQosPolicy done
Event: 18.503 loading class com/toc/coredx/DDS/CoreDX_RTPSWriterQosPolicy
Event: 18.503 loading class com/toc/coredx/DDS/CoreDX_RTPSWriterQosPolicy done
Event: 18.504 loading class com/toc/coredx/DDS/SWIGTYPE_p_DDS_DataWriterListener
Event: 18.504 loading class com/toc/coredx/DDS/SWIGTYPE_p_DDS_DataWriterListener done
Event: 18.505 loading class com/toc/coredx/DDS/SWIGTYPE_p__DataWriter
Event: 18.505 loading class com/toc/coredx/DDS/SWIGTYPE_p__DataWriter done


Dynamic libraries:
0x00007ff600de0000 - 0x00007ff600e17000 	C:\Program Files\Java\jre1.8.0_73\bin\javaw.exe
0x00007ffd17a00000 - 0x00007ffd17bc1000 	C:\WINDOWS\SYSTEM32\ntdll.dll
0x00007ffd15240000 - 0x00007ffd152ed000 	C:\WINDOWS\system32\KERNEL32.DLL
0x00007ffd14210000 - 0x00007ffd143f8000 	C:\WINDOWS\system32\KERNELBASE.dll
0x00007ffd152f0000 - 0x00007ffd15397000 	C:\WINDOWS\system32\ADVAPI32.dll
0x00007ffd153b0000 - 0x00007ffd1544d000 	C:\WINDOWS\system32\msvcrt.dll
0x00007ffd16ec0000 - 0x00007ffd16f1b000 	C:\WINDOWS\system32\sechost.dll
0x00007ffd17150000 - 0x00007ffd1726c000 	C:\WINDOWS\system32\RPCRT4.dll
0x00007ffd16ff0000 - 0x00007ffd17146000 	C:\WINDOWS\system32\USER32.dll
0x00007ffd177c0000 - 0x00007ffd17946000 	C:\WINDOWS\system32\GDI32.dll
0x00007ffd10790000 - 0x00007ffd10a04000 	C:\WINDOWS\WinSxS\amd64_microsoft.windows.common-controls_6595b64144ccf1df_6.0.10586.0_none_8c15ae12515e1c22\COMCTL32.dll
0x00007ffd16bd0000 - 0x00007ffd16e4d000 	C:\WINDOWS\system32\combase.dll
0x00007ffd141a0000 - 0x00007ffd1420a000 	C:\WINDOWS\system32\bcryptPrimitives.dll
0x00007ffd154b0000 - 0x00007ffd154eb000 	C:\WINDOWS\system32\IMM32.DLL
0x0000000065bb0000 - 0x0000000065c82000 	C:\Program Files\Java\jre1.8.0_73\bin\msvcr100.dll
0x00000000668f0000 - 0x0000000067180000 	C:\Program Files\Java\jre1.8.0_73\bin\server\jvm.dll
0x00007ffd153a0000 - 0x00007ffd153a8000 	C:\WINDOWS\system32\PSAPI.DLL
0x00007ffd08fa0000 - 0x00007ffd08fa9000 	C:\WINDOWS\SYSTEM32\WSOCK32.dll
0x00007ffd12b00000 - 0x00007ffd12b23000 	C:\WINDOWS\SYSTEM32\WINMM.dll
0x00007ffd16e50000 - 0x00007ffd16ebb000 	C:\WINDOWS\system32\WS2_32.dll
0x00007ffd106f0000 - 0x00007ffd106fa000 	C:\WINDOWS\SYSTEM32\VERSION.dll
0x00007ffd12ad0000 - 0x00007ffd12afc000 	C:\WINDOWS\SYSTEM32\WINMMBASE.dll
0x00007ffd144c0000 - 0x00007ffd14503000 	C:\WINDOWS\system32\cfgmgr32.dll
0x00000000668e0000 - 0x00000000668ef000 	C:\Program Files\Java\jre1.8.0_73\bin\verify.dll
0x00000000668b0000 - 0x00000000668d9000 	C:\Program Files\Java\jre1.8.0_73\bin\java.dll
0x0000000066890000 - 0x00000000668a6000 	C:\Program Files\Java\jre1.8.0_73\bin\zip.dll
0x00007ffd15670000 - 0x00007ffd16bcc000 	C:\WINDOWS\system32\SHELL32.dll
0x00007ffd146e0000 - 0x00007ffd14d25000 	C:\WINDOWS\system32\windows.storage.dll
0x00007ffd173c0000 - 0x00007ffd17412000 	C:\WINDOWS\system32\shlwapi.dll
0x00007ffd14080000 - 0x00007ffd1408f000 	C:\WINDOWS\system32\kernel.appcore.dll
0x00007ffd14400000 - 0x00007ffd144b5000 	C:\WINDOWS\system32\shcore.dll
0x00007ffd14030000 - 0x00007ffd1407b000 	C:\WINDOWS\system32\powrprof.dll
0x00007ffd14090000 - 0x00007ffd140a4000 	C:\WINDOWS\system32\profapi.dll
0x00007ffd07960000 - 0x00007ffd07a1c000 	C:\DDS\CoreDX_DDS\coredx-3.6.8-Evaluation\target\Windows_x86_64_vs2010\lib\dds_java.dll
0x00007ffd0af30000 - 0x00007ffd0af68000 	C:\WINDOWS\SYSTEM32\IPHLPAPI.DLL
0x00007ffd177b0000 - 0x00007ffd177b8000 	C:\WINDOWS\system32\NSI.dll
0x00007ffd0a7d0000 - 0x00007ffd0a7ea000 	C:\WINDOWS\SYSTEM32\dhcpcsvc.DLL
0x00007ffd13ca0000 - 0x00007ffd13ccd000 	C:\WINDOWS\SYSTEM32\SspiCli.dll
0x00007ffd0a2b0000 - 0x00007ffd0a2c6000 	C:\WINDOWS\SYSTEM32\dhcpcsvc6.DLL
0x00007ffd138f0000 - 0x00007ffd1394c000 	C:\WINDOWS\system32\mswsock.dll
0x0000000065ba0000 - 0x0000000065bad000 	C:\Program Files\Java\jre1.8.0_73\bin\management.dll
0x0000000066870000 - 0x000000006688a000 	C:\Program Files\Java\jre1.8.0_73\bin\net.dll
0x0000000066850000 - 0x0000000066861000 	C:\Program Files\Java\jre1.8.0_73\bin\nio.dll
0x00007ffd139a0000 - 0x00007ffd139b7000 	C:\WINDOWS\SYSTEM32\CRYPTSP.dll
0x00007ffd13630000 - 0x00007ffd13664000 	C:\WINDOWS\system32\rsaenh.dll
0x00007ffd13f50000 - 0x00007ffd13f79000 	C:\WINDOWS\SYSTEM32\bcrypt.dll
0x00007ffd13780000 - 0x00007ffd1379f000 	C:\WINDOWS\SYSTEM32\USERENV.dll
0x00007ffd13ac0000 - 0x00007ffd13acb000 	C:\WINDOWS\SYSTEM32\CRYPTBASE.dll
0x00007ffd00290000 - 0x00007ffd0041c000 	C:\WINDOWS\SYSTEM32\dbghelp.dll

VM Arguments:
jvm_args: -Djava.library.path=C:\DDS\CoreDX_DDS\coredx-3.6.8-Evaluation\target\Windows_x86_64_vs2010\lib -Dfile.encoding=Cp1252 
java_command: br.ufg.inf.mestrado.hermeswidget.client.sensor.temperature.App_HW_Temperature 34 1
java_class_path (initial): C:\Hermes\WorkspaceHermes\HermesWidget\bin;C:\Hermes\WorkspaceHermes\HermesWidget\lib\aterm-java-1.6.jar;C:\Hermes\WorkspaceHermes\HermesWidget\lib\commons-codec-1.6.jar;C:\Hermes\WorkspaceHermes\HermesWidget\lib\coredx_dds.jar;C:\Hermes\WorkspaceHermes\HermesWidget\lib\ddssinalvital.jar;C:\Hermes\WorkspaceHermes\HermesWidget\lib\hermesbase.jar;C:\Hermes\WorkspaceHermes\HermesWidget\lib\httpclient-4.2.3.jar;C:\Hermes\WorkspaceHermes\HermesWidget\lib\httpcore-4.2.2.jar;C:\Hermes\WorkspaceHermes\HermesWidget\lib\jcl-over-slf4j-1.6.4.jar;C:\Hermes\WorkspaceHermes\HermesWidget\lib\jena-arq-2.10.0.jar;C:\Hermes\WorkspaceHermes\HermesWidget\lib\jena-core-2.10.0.jar;C:\Hermes\WorkspaceHermes\HermesWidget\lib\jena-core-2.12.1.jar;C:\Hermes\WorkspaceHermes\HermesWidget\lib\jena-iri-0.9.5.jar;C:\Hermes\WorkspaceHermes\HermesWidget\lib\jena-tdb-0.10.0.jar;C:\Hermes\WorkspaceHermes\HermesWidget\lib\jgrapht-jdk1.5-0.7.3.jar;C:\Hermes\WorkspaceHermes\HermesWidget\lib\json.jar;C:\Hermes\WorkspaceHermes\HermesWidget\lib\kaon2.jar;C:\Hermes\WorkspaceHermes\HermesWidget\lib\log4j-1.2.16.jar;C:\Hermes\WorkspaceHermes\HermesWidget\lib\opencsv-3.1.jar;C:\Hermes\WorkspaceHermes\HermesWidget\lib\owlapi-distribution-3.4.10.jar;C:\Hermes\WorkspaceHermes\HermesWidget\lib\pellet-cli.jar;C:\Hermes\WorkspaceHermes\HermesWidget\lib\pellet-core.jar;C:\Hermes\WorkspaceHermes\HermesWidget\lib\pellet-datatypes.jar;C:\Hermes\WorkspaceHermes\HermesWidget\lib\pellet-el.jar;C:\Hermes\WorkspaceHermes\HermesWidget\lib\pellet-explanation.jar;C:\Hermes\WorkspaceHermes\HermesWidget\lib\pellet-jena.jar;C:\Hermes\WorkspaceHermes\HermesWidget\lib\pellet-modularity.jar;C:\Hermes\WorkspaceHermes\HermesWidget\lib\pellet-owlapiv3.jar;C:\Hermes\WorkspaceHermes\HermesWidget\lib\pellet-pellint.jar;C:\Hermes\WorkspaceHermes\HermesWidget\lib\pellet-query.jar;C:\Hermes\WorkspaceHermes\HermesWidget\lib\pellet-rules.jar;C:\Hermes\WorkspaceHermes\HermesWidget\lib\pellet-test.jar;C:\Hermes\Worksp
Launcher Type: SUN_STANDARD

Environment Variables:
JAVA_HOME=C:\Program Files\Java\jdk1.7.0_45
PATH=C:/Program Files/Java/jre1.8.0_73/bin/server;C:/Program Files/Java/jre1.8.0_73/bin;C:/Program Files/Java/jre1.8.0_73/lib/amd64;C:\ProgramData\Oracle\Java\javapath;C:\Program Files (x86)\NVIDIA Corporation\PhysX\Common;c:\Program Files (x86)\Intel\iCLS Client\;c:\Program Files\Intel\iCLS Client\;C:\WINDOWS\system32;C:\WINDOWS;C:\WINDOWS\System32\Wbem;C:\WINDOWS\System32\WindowsPowerShell\v1.0\;C:\Program Files (x86)\Windows Live\Shared;C:\Program Files\MiKTeX 2.9\miktex\bin\x64\;%JAVA_HOME%\bin;%JENAROOT\bin\bat;C:\WINDOWS\system32;C:\WINDOWS;C:\WINDOWS\System32\Wbem;C:\WINDOWS\System32\WindowsPowerShell\v1.0\;C:\Program Files\Intel\Intel(R) Management Engine Components\DAL;C:\Program Files\Intel\Intel(R) Management Engine Components\IPT;C:\Program Files (x86)\Intel\Intel(R) Management Engine Components\DAL;C:\Program Files (x86)\Intel\Intel(R) Management Engine Components\IPT;C:\Program Files\Java\jdk1.7.0_45\bin;C:\Program Files (x86)\Skype\Phone\;C:\eclipse;
USERNAME=Ernesto
LD_LIBRARY_PATH=C:\DDS\CoreDX_DDS\coredx-3.6.8-Evaluation\target\Windows_x86_64_vs2010\lib
OS=Windows_NT
PROCESSOR_IDENTIFIER=Intel64 Family 6 Model 58 Stepping 9, GenuineIntel



---------------  S Y S T E M  ---------------

OS: Windows 10.0 , 64 bit Build 10586 (10.0.10586.0)

CPU:total 4 (2 cores per cpu, 2 threads per core) family 6 model 58 stepping 9, cmov, cx8, fxsr, mmx, sse, sse2, sse3, ssse3, sse4.1, sse4.2, popcnt, avx, aes, clmul, erms, ht, tsc, tscinvbit, tscinv

Memory: 4k page, physical 8263424k(3907980k free), swap 11278080k(3338020k free)

vm_info: Java HotSpot(TM) 64-Bit Server VM (25.73-b02) for windows-amd64 JRE (1.8.0_73-b02), built on Jan 29 2016 17:38:49 by "java_re" with MS VC++ 10.0 (VS2010)

time: Tue May 10 01:14:02 2016
elapsed time: 18 seconds (0d 0h 0m 18s)

