#
# A fatal error has been detected by the Java Runtime Environment:
#
#  EXCEPTION_ACCESS_VIOLATION (0xc0000005) at pc=0x00007ffd0797054e, pid=5920, tid=11940
#
# JRE version: Java(TM) SE Runtime Environment (8.0_73-b02) (build 1.8.0_73-b02)
# Java VM: Java HotSpot(TM) 64-Bit Server VM (25.73-b02 mixed mode windows-amd64 compressed oops)
# Problematic frame:
# C  [dds_java.dll+0x1054e]
#
# Failed to write core dump. Minidumps are not enabled by default on client versions of Windows
#
# If you would like to submit a bug report, please visit:
#   http://bugreport.java.com/bugreport/crash.jsp
# The crash happened outside the Java Virtual Machine in native code.
# See problematic frame for where to report the bug.
#

---------------  T H R E A D  ---------------

Current thread (0x0000000019a61000):  JavaThread "pool-2-thread-1" [_thread_in_native, id=11940, stack(0x000000001b2e0000,0x000000001b3e0000)]

siginfo: ExceptionCode=0xc0000005, reading address 0x0000000000000000

Registers:
RAX=0x0000000018de8580, RBX=0x0000000018dd7be0, RCX=0x0000000000000000, RDX=0x0000000018dd7be0
RSP=0x000000001b3dec50, RBP=0x0000000018de5250, RSI=0x0000000000000000, RDI=0x0000000000000001
R8 =0x0000000000000000, R9 =0x0000000018de5348, R10=0x0000000000000000, R11=0x0000000018de7e90
R12=0x0000000000000000, R13=0x0000000018df3450, R14=0x0000000000000000, R15=0x0000000000000000
RIP=0x00007ffd0797054e, EFLAGS=0x0000000000010206

Top of Stack: (sp=0x000000001b3dec50)
0x000000001b3dec50:   0000000018de0fd0 0000000000000000
0x000000001b3dec60:   00000000008e7630 0000000018ddea98
0x000000001b3dec70:   0000000000000000 00007ffd07998bdb
0x000000001b3dec80:   0000000018dd7be0 0000000018df3318
0x000000001b3dec90:   0000000018df33a0 00007ffd079bb3fb
0x000000001b3deca0:   00000000008e7630 0000000018ddea98
0x000000001b3decb0:   0000000018df1978 0000000000000001
0x000000001b3decc0:   0000000018df33a0 00007ffd0798d37c
0x000000001b3decd0:   0000000018de51c0 0000000018de1b01
0x000000001b3dece0:   0000000018df33a0 0000000066a20000
0x000000001b3decf0:   0000000018de5140 00007ffd0798f4bc
0x000000001b3ded00:   0000000018df3318 0000000018de1b80
0x000000001b3ded10:   0000000018df3318 000000001b3debb0
0x000000001b3ded20:   0000000018df30a0 0000000018de85a0
0x000000001b3ded30:   0000000018df1978 00000000008e9a60
0x000000001b3ded40:   00000000008e7630 00007ffd079906a0 

Instructions: (pc=0x00007ffd0797054e)
0x00007ffd0797052e:   48 8b 5c 24 08 c3 48 8b 5c 24 08 33 c0 c3 cc cc
0x00007ffd0797053e:   cc cc 48 89 5c 24 08 57 48 83 ec 20 48 8d 79 01
0x00007ffd0797054e:   0f be 09 48 8b da 8b c1 84 c9 74 57 66 0f 1f 44
0x00007ffd0797055e:   00 00 83 f8 2a 74 5e 83 f8 3f 74 33 83 f8 5b 74 


Register to memory mapping:

RAX=0x0000000018de8580 is an unknown value
RBX=0x0000000018dd7be0 is an unknown value
RCX=0x0000000000000000 is an unknown value
RDX=0x0000000018dd7be0 is an unknown value
RSP=0x000000001b3dec50 is pointing into the stack for thread: 0x0000000019a61000
RBP=0x0000000018de5250 is an unknown value
RSI=0x0000000000000000 is an unknown value
RDI=0x0000000000000001 is an unknown value
R8 =0x0000000000000000 is an unknown value
R9 =0x0000000018de5348 is an unknown value
R10=0x0000000000000000 is an unknown value
R11=0x0000000018de7e90 is an unknown value
R12=0x0000000000000000 is an unknown value
R13=0x0000000018df3450 is an unknown value
R14=0x0000000000000000 is an unknown value
R15=0x0000000000000000 is an unknown value


Stack: [0x000000001b2e0000,0x000000001b3e0000],  sp=0x000000001b3dec50,  free space=1019k
Native frames: (J=compiled Java code, j=interpreted, Vv=VM code, C=native code)
C  [dds_java.dll+0x1054e]
C  [dds_java.dll+0x38bdb]
C  [dds_java.dll+0x2d37c]
C  [dds_java.dll+0x2f4bc]
C  [dds_java.dll+0x306a0]
C  [dds_java.dll+0x315b9]
C  [dds_java.dll+0x36df0]
C  [dds_java.dll+0x376dc]
C  [dds_java.dll+0x47027]
C  0x0000000002255e34

Java frames: (J=compiled Java code, j=interpreted, Vv=VM code)
j  com.toc.coredx.DDS.coredxJNI.DDS_DataWriter_enable(J)I+0
j  com.toc.coredx.DDS.coredx.DDS_DataWriter_enable(Lcom/toc/coredx/DDS/SWIGTYPE_p__DataWriter;)I+4
j  com.toc.coredx.DDS.DataWriter.enable()Lcom/toc/coredx/DDS/ReturnCode_t;+4
j  com.toc.coredx.DDS.Publisher.create_datawriter(Lcom/toc/coredx/DDS/Topic;Lcom/toc/coredx/DDS/DataWriterQos;Lcom/toc/coredx/DDS/DataWriterListener;J)Lcom/toc/coredx/DDS/DataWriter;+159
j  br.ufg.inf.mestrado.hermesbase.HermesBaseManager.publishNotification(Ljava/lang/String;Ljava/lang/String;Ljava/lang/String;Ljava/lang/String;[BLjava/lang/String;)Z+85
j  br.ufg.inf.mestrado.hermeswidget.manager.services.HWNotificationService.run()V+64
j  java.util.concurrent.Executors$RunnableAdapter.call()Ljava/lang/Object;+4
j  java.util.concurrent.FutureTask.run()V+42
j  java.util.concurrent.ScheduledThreadPoolExecutor$ScheduledFutureTask.access$201(Ljava/util/concurrent/ScheduledThreadPoolExecutor$ScheduledFutureTask;)V+1
j  java.util.concurrent.ScheduledThreadPoolExecutor$ScheduledFutureTask.run()V+30
j  java.util.concurrent.ThreadPoolExecutor.runWorker(Ljava/util/concurrent/ThreadPoolExecutor$Worker;)V+95
j  java.util.concurrent.ThreadPoolExecutor$Worker.run()V+5
j  java.lang.Thread.run()V+11
v  ~StubRoutines::call_stub

---------------  P R O C E S S  ---------------

Java Threads: ( => current thread )
  0x0000000019aeb800 JavaThread "pool-2-thread-30" [_thread_blocked, id=10572, stack(0x000000001d0e0000,0x000000001d1e0000)]
  0x0000000019ae9800 JavaThread "pool-2-thread-29" [_thread_blocked, id=468, stack(0x000000001cfe0000,0x000000001d0e0000)]
  0x0000000019aec800 JavaThread "pool-2-thread-28" [_thread_blocked, id=4144, stack(0x000000001cee0000,0x000000001cfe0000)]
  0x0000000019af0000 JavaThread "pool-2-thread-27" [_thread_blocked, id=3516, stack(0x000000001cde0000,0x000000001cee0000)]
  0x0000000019ae8800 JavaThread "pool-2-thread-26" [_thread_blocked, id=4268, stack(0x000000001cce0000,0x000000001cde0000)]
  0x0000000019aeb000 JavaThread "pool-2-thread-25" [_thread_blocked, id=3436, stack(0x000000001cbe0000,0x000000001cce0000)]
  0x0000000019aef800 JavaThread "pool-2-thread-24" [_thread_blocked, id=6244, stack(0x000000001cae0000,0x000000001cbe0000)]
  0x0000000019aed000 JavaThread "pool-2-thread-23" [_thread_blocked, id=4628, stack(0x000000001c9e0000,0x000000001cae0000)]
  0x0000000019aee800 JavaThread "pool-2-thread-22" [_thread_blocked, id=10792, stack(0x000000001c8e0000,0x000000001c9e0000)]
  0x0000000019ae8000 JavaThread "pool-2-thread-21" [_thread_blocked, id=3976, stack(0x000000001c7e0000,0x000000001c8e0000)]
  0x0000000019aea000 JavaThread "pool-2-thread-20" [_thread_blocked, id=6540, stack(0x000000001c6e0000,0x000000001c7e0000)]
  0x0000000019aee000 JavaThread "pool-2-thread-19" [_thread_blocked, id=11128, stack(0x000000001c5e0000,0x000000001c6e0000)]
  0x0000000019ae7000 JavaThread "pool-2-thread-18" [_thread_blocked, id=3584, stack(0x000000001c4e0000,0x000000001c5e0000)]
  0x0000000019ac9000 JavaThread "pool-2-thread-17" [_thread_blocked, id=9140, stack(0x000000001c3e0000,0x000000001c4e0000)]
  0x0000000019ac3800 JavaThread "pool-2-thread-16" [_thread_blocked, id=11580, stack(0x000000001c2e0000,0x000000001c3e0000)]
  0x0000000019ac7800 JavaThread "pool-2-thread-15" [_thread_blocked, id=5792, stack(0x000000001c1e0000,0x000000001c2e0000)]
  0x0000000019ac6800 JavaThread "pool-2-thread-14" [_thread_blocked, id=6812, stack(0x000000001c0e0000,0x000000001c1e0000)]
  0x0000000019ac4800 JavaThread "pool-2-thread-13" [_thread_blocked, id=9052, stack(0x000000001bfe0000,0x000000001c0e0000)]
  0x0000000019ac6000 JavaThread "pool-2-thread-12" [_thread_blocked, id=11172, stack(0x000000001bee0000,0x000000001bfe0000)]
  0x0000000019ac8000 JavaThread "pool-2-thread-11" [_thread_blocked, id=11588, stack(0x000000001bde0000,0x000000001bee0000)]
  0x0000000019ac5000 JavaThread "pool-2-thread-10" [_thread_blocked, id=11824, stack(0x000000001bce0000,0x000000001bde0000)]
  0x0000000019ac9800 JavaThread "pool-2-thread-9" [_thread_blocked, id=12088, stack(0x000000001bae0000,0x000000001bbe0000)]
  0x0000000019ac3000 JavaThread "pool-2-thread-8" [_thread_blocked, id=4856, stack(0x000000001b9e0000,0x000000001bae0000)]
  0x0000000019a74800 JavaThread "pool-2-thread-7" [_thread_blocked, id=10844, stack(0x000000001b8e0000,0x000000001b9e0000)]
  0x0000000019a72800 JavaThread "pool-2-thread-6" [_thread_blocked, id=7444, stack(0x000000001b7e0000,0x000000001b8e0000)]
  0x0000000019ac2000 JavaThread "pool-2-thread-5" [_thread_blocked, id=5684, stack(0x000000001b6e0000,0x000000001b7e0000)]
  0x0000000019a6f000 JavaThread "pool-2-thread-4" [_thread_blocked, id=4632, stack(0x000000001b5e0000,0x000000001b6e0000)]
  0x0000000019a5f800 JavaThread "pool-2-thread-3" [_thread_blocked, id=7148, stack(0x000000001b4e0000,0x000000001b5e0000)]
  0x0000000019a5b800 JavaThread "pool-2-thread-2" [_thread_blocked, id=4528, stack(0x000000001b3e0000,0x000000001b4e0000)]
=>0x0000000019a61000 JavaThread "pool-2-thread-1" [_thread_in_native, id=11940, stack(0x000000001b2e0000,0x000000001b3e0000)]
  0x00000000001de000 JavaThread "DestroyJavaVM" [_thread_blocked, id=8888, stack(0x0000000002040000,0x0000000002140000)]
  0x0000000018946800 JavaThread "pool-1-thread-1" [_thread_blocked, id=9440, stack(0x00000000192d0000,0x00000000193d0000)]
  0x00000000188ae800 JavaThread "Thread-2" daemon [_thread_in_native, id=8152, stack(0x00000000191d0000,0x00000000192d0000)]
  0x00000000188a3800 JavaThread "Thread-1" daemon [_thread_in_native, id=5984, stack(0x00000000190d0000,0x00000000191d0000)]
  0x00000000188a3000 JavaThread "Thread-0" daemon [_thread_in_native, id=9144, stack(0x0000000018fd0000,0x00000000190d0000)]
  0x00000000186f0800 JavaThread "Service Thread" daemon [_thread_blocked, id=3328, stack(0x0000000018ad0000,0x0000000018bd0000)]
  0x0000000016d66000 JavaThread "C1 CompilerThread2" daemon [_thread_blocked, id=11600, stack(0x00000000185d0000,0x00000000186d0000)]
  0x0000000016d5f000 JavaThread "C2 CompilerThread1" daemon [_thread_blocked, id=7772, stack(0x00000000184d0000,0x00000000185d0000)]
  0x0000000016d5c800 JavaThread "C2 CompilerThread0" daemon [_thread_blocked, id=964, stack(0x00000000183d0000,0x00000000184d0000)]
  0x0000000016d68000 JavaThread "Attach Listener" daemon [_thread_blocked, id=11196, stack(0x00000000182d0000,0x00000000183d0000)]
  0x0000000016d67000 JavaThread "Signal Dispatcher" daemon [_thread_blocked, id=8288, stack(0x00000000181d0000,0x00000000182d0000)]
  0x0000000002238800 JavaThread "Finalizer" daemon [_thread_blocked, id=2816, stack(0x0000000017fd0000,0x00000000180d0000)]
  0x000000000222f800 JavaThread "Reference Handler" daemon [_thread_blocked, id=11236, stack(0x0000000017ed0000,0x0000000017fd0000)]

Other Threads:
  0x0000000016d27000 VMThread [stack: 0x0000000017dd0000,0x0000000017ed0000] [id=8196]
  0x0000000018714800 WatcherThread [stack: 0x0000000018bd0000,0x0000000018cd0000] [id=6004]

VM state:not at safepoint (normal execution)

VM Mutex/Monitor currently owned by a thread: None

Heap:
 PSYoungGen      total 71680K, used 31491K [0x00000000d5f80000, 0x00000000e0680000, 0x0000000100000000)
  eden space 66560K, 39% used [0x00000000d5f80000,0x00000000d7944128,0x00000000da080000)
  from space 5120K, 99% used [0x00000000da080000,0x00000000da57caf8,0x00000000da580000)
  to   space 18944K, 0% used [0x00000000df400000,0x00000000df400000,0x00000000e0680000)
 ParOldGen       total 87552K, used 28150K [0x0000000081e00000, 0x0000000087380000, 0x00000000d5f80000)
  object space 87552K, 32% used [0x0000000081e00000,0x000000008397db60,0x0000000087380000)
 Metaspace       used 14188K, capacity 14268K, committed 14592K, reserved 1062912K
  class space    used 1900K, capacity 1938K, committed 2048K, reserved 1048576K

Card table byte_map: [0x0000000011600000,0x0000000011a00000] byte_map_base: 0x00000000111f1000

Marking Bits: (ParMarkBitMap*) 0x0000000067100600
 Begin Bits: [0x00000000120b0000, 0x0000000014038000)
 End Bits:   [0x0000000014038000, 0x0000000015fc0000)

Polling page: 0x0000000000820000

CodeCache: size=245760Kb used=4365Kb max_used=4374Kb free=241394Kb
 bounds [0x0000000002240000, 0x0000000002690000, 0x0000000011240000]
 total_blobs=1659 nmethods=1251 adapters=320
 compilation: enabled

Compilation events (10 events):
Event: 18.425 Thread 0x0000000016d5c800 1246       4       java.lang.String::startsWith (72 bytes)
Event: 18.428 Thread 0x0000000016d5c800 nmethod 1246 0x0000000002679490 code [0x00000000026795e0, 0x0000000002679798]
Event: 18.433 Thread 0x0000000016d5f000 1247       4       java.nio.DirectLongBufferU::get (16 bytes)
Event: 18.433 Thread 0x0000000016d5f000 nmethod 1247 0x0000000002654810 code [0x0000000002654940, 0x00000000026549d8]
Event: 18.434 Thread 0x0000000016d5c800 1248       4       java.lang.String::regionMatches (149 bytes)
Event: 18.435 Thread 0x0000000016d66000 1249       3       java.lang.Class::checkInitted (19 bytes)
Event: 18.435 Thread 0x0000000016d66000 nmethod 1249 0x000000000267c150 code [0x000000000267c2c0, 0x000000000267c588]
Event: 18.443 Thread 0x0000000016d5c800 nmethod 1248 0x0000000002676450 code [0x00000000026765c0, 0x0000000002676d58]
Event: 18.444 Thread 0x0000000016d66000 1251   !   3       java.lang.ClassLoader::findNative (86 bytes)
Event: 18.445 Thread 0x0000000016d66000 nmethod 1251 0x0000000002678690 code [0x0000000002678840, 0x00000000026790f8]

GC Heap History (10 events):
Event: 15.336 GC heap before
{Heap before GC invocations=1 (full 0):
 PSYoungGen      total 38400K, used 33280K [0x00000000d5f80000, 0x00000000d8a00000, 0x0000000100000000)
  eden space 33280K, 100% used [0x00000000d5f80000,0x00000000d8000000,0x00000000d8000000)
  from space 5120K, 0% used [0x00000000d8500000,0x00000000d8500000,0x00000000d8a00000)
  to   space 5120K, 0% used [0x00000000d8000000,0x00000000d8000000,0x00000000d8500000)
 ParOldGen       total 87552K, used 0K [0x0000000081e00000, 0x0000000087380000, 0x00000000d5f80000)
  object space 87552K, 0% used [0x0000000081e00000,0x0000000081e00000,0x0000000087380000)
 Metaspace       used 3916K, capacity 5400K, committed 5632K, reserved 1056768K
  class space    used 401K, capacity 456K, committed 512K, reserved 1048576K
Event: 15.343 GC heap after
Heap after GC invocations=1 (full 0):
 PSYoungGen      total 38400K, used 5060K [0x00000000d5f80000, 0x00000000d8a00000, 0x0000000100000000)
  eden space 33280K, 0% used [0x00000000d5f80000,0x00000000d5f80000,0x00000000d8000000)
  from space 5120K, 98% used [0x00000000d8000000,0x00000000d84f1180,0x00000000d8500000)
  to   space 5120K, 0% used [0x00000000d8500000,0x00000000d8500000,0x00000000d8a00000)
 ParOldGen       total 87552K, used 8K [0x0000000081e00000, 0x0000000087380000, 0x00000000d5f80000)
  object space 87552K, 0% used [0x0000000081e00000,0x0000000081e02000,0x0000000087380000)
 Metaspace       used 3916K, capacity 5400K, committed 5632K, reserved 1056768K
  class space    used 401K, capacity 456K, committed 512K, reserved 1048576K
}
Event: 15.388 GC heap before
{Heap before GC invocations=2 (full 0):
 PSYoungGen      total 38400K, used 38340K [0x00000000d5f80000, 0x00000000d8a00000, 0x0000000100000000)
  eden space 33280K, 100% used [0x00000000d5f80000,0x00000000d8000000,0x00000000d8000000)
  from space 5120K, 98% used [0x00000000d8000000,0x00000000d84f1180,0x00000000d8500000)
  to   space 5120K, 0% used [0x00000000d8500000,0x00000000d8500000,0x00000000d8a00000)
 ParOldGen       total 87552K, used 8K [0x0000000081e00000, 0x0000000087380000, 0x00000000d5f80000)
  object space 87552K, 0% used [0x0000000081e00000,0x0000000081e02000,0x0000000087380000)
 Metaspace       used 3930K, capacity 5400K, committed 5632K, reserved 1056768K
  class space    used 401K, capacity 456K, committed 512K, reserved 1048576K
Event: 15.399 GC heap after
Heap after GC invocations=2 (full 0):
 PSYoungGen      total 38400K, used 5110K [0x00000000d5f80000, 0x00000000daa80000, 0x0000000100000000)
  eden space 33280K, 0% used [0x00000000d5f80000,0x00000000d5f80000,0x00000000d8000000)
  from space 5120K, 99% used [0x00000000d8500000,0x00000000d89fdbc8,0x00000000d8a00000)
  to   space 5120K, 0% used [0x00000000d8000000,0x00000000d8000000,0x00000000d8500000)
 ParOldGen       total 87552K, used 4728K [0x0000000081e00000, 0x0000000087380000, 0x00000000d5f80000)
  object space 87552K, 5% used [0x0000000081e00000,0x000000008229e000,0x0000000087380000)
 Metaspace       used 3930K, capacity 5400K, committed 5632K, reserved 1056768K
  class space    used 401K, capacity 456K, committed 512K, reserved 1048576K
}
Event: 15.414 GC heap before
{Heap before GC invocations=3 (full 0):
 PSYoungGen      total 38400K, used 38390K [0x00000000d5f80000, 0x00000000daa80000, 0x0000000100000000)
  eden space 33280K, 100% used [0x00000000d5f80000,0x00000000d8000000,0x00000000d8000000)
  from space 5120K, 99% used [0x00000000d8500000,0x00000000d89fdbc8,0x00000000d8a00000)
  to   space 5120K, 0% used [0x00000000d8000000,0x00000000d8000000,0x00000000d8500000)
 ParOldGen       total 87552K, used 4728K [0x0000000081e00000, 0x0000000087380000, 0x00000000d5f80000)
  object space 87552K, 5% used [0x0000000081e00000,0x000000008229e000,0x0000000087380000)
 Metaspace       used 3930K, capacity 5400K, committed 5632K, reserved 1056768K
  class space    used 401K, capacity 456K, committed 512K, reserved 1048576K
Event: 15.425 GC heap after
Heap after GC invocations=3 (full 0):
 PSYoungGen      total 38400K, used 5090K [0x00000000d5f80000, 0x00000000daa80000, 0x0000000100000000)
  eden space 33280K, 0% used [0x00000000d5f80000,0x00000000d5f80000,0x00000000d8000000)
  from space 5120K, 99% used [0x00000000d8000000,0x00000000d84f8980,0x00000000d8500000)
  to   space 5120K, 0% used [0x00000000da580000,0x00000000da580000,0x00000000daa80000)
 ParOldGen       total 87552K, used 10152K [0x0000000081e00000, 0x0000000087380000, 0x00000000d5f80000)
  object space 87552K, 11% used [0x0000000081e00000,0x00000000827ea000,0x0000000087380000)
 Metaspace       used 3930K, capacity 5400K, committed 5632K, reserved 1056768K
  class space    used 401K, capacity 456K, committed 512K, reserved 1048576K
}
Event: 15.437 GC heap before
{Heap before GC invocations=4 (full 0):
 PSYoungGen      total 38400K, used 38370K [0x00000000d5f80000, 0x00000000daa80000, 0x0000000100000000)
  eden space 33280K, 100% used [0x00000000d5f80000,0x00000000d8000000,0x00000000d8000000)
  from space 5120K, 99% used [0x00000000d8000000,0x00000000d84f8980,0x00000000d8500000)
  to   space 5120K, 0% used [0x00000000da580000,0x00000000da580000,0x00000000daa80000)
 ParOldGen       total 87552K, used 10152K [0x0000000081e00000, 0x0000000087380000, 0x00000000d5f80000)
  object space 87552K, 11% used [0x0000000081e00000,0x00000000827ea000,0x0000000087380000)
 Metaspace       used 3932K, capacity 5400K, committed 5632K, reserved 1056768K
  class space    used 401K, capacity 456K, committed 512K, reserved 1048576K
Event: 15.449 GC heap after
Heap after GC invocations=4 (full 0):
 PSYoungGen      total 71680K, used 5099K [0x00000000d5f80000, 0x00000000daa80000, 0x0000000100000000)
  eden space 66560K, 0% used [0x00000000d5f80000,0x00000000d5f80000,0x00000000da080000)
  from space 5120K, 99% used [0x00000000da580000,0x00000000daa7ae28,0x00000000daa80000)
  to   space 5120K, 0% used [0x00000000da080000,0x00000000da080000,0x00000000da580000)
 ParOldGen       total 87552K, used 15496K [0x0000000081e00000, 0x0000000087380000, 0x00000000d5f80000)
  object space 87552K, 17% used [0x0000000081e00000,0x0000000082d22000,0x0000000087380000)
 Metaspace       used 3932K, capacity 5400K, committed 5632K, reserved 1056768K
  class space    used 401K, capacity 456K, committed 512K, reserved 1048576K
}
Event: 16.008 GC heap before
{Heap before GC invocations=5 (full 0):
 PSYoungGen      total 71680K, used 71659K [0x00000000d5f80000, 0x00000000daa80000, 0x0000000100000000)
  eden space 66560K, 100% used [0x00000000d5f80000,0x00000000da080000,0x00000000da080000)
  from space 5120K, 99% used [0x00000000da580000,0x00000000daa7ae28,0x00000000daa80000)
  to   space 5120K, 0% used [0x00000000da080000,0x00000000da080000,0x00000000da580000)
 ParOldGen       total 87552K, used 15496K [0x0000000081e00000, 0x0000000087380000, 0x00000000d5f80000)
  object space 87552K, 17% used [0x0000000081e00000,0x0000000082d22000,0x0000000087380000)
 Metaspace       used 10046K, capacity 10134K, committed 10240K, reserved 1058816K
  class space    used 1227K, capacity 1265K, committed 1280K, reserved 1048576K
Event: 16.026 GC heap after
Heap after GC invocations=5 (full 0):
 PSYoungGen      total 71680K, used 5106K [0x00000000d5f80000, 0x00000000e0680000, 0x0000000100000000)
  eden space 66560K, 0% used [0x00000000d5f80000,0x00000000d5f80000,0x00000000da080000)
  from space 5120K, 99% used [0x00000000da080000,0x00000000da57caf8,0x00000000da580000)
  to   space 18944K, 0% used [0x00000000df400000,0x00000000df400000,0x00000000e0680000)
 ParOldGen       total 87552K, used 28150K [0x0000000081e00000, 0x0000000087380000, 0x00000000d5f80000)
  object space 87552K, 32% used [0x0000000081e00000,0x000000008397db60,0x0000000087380000)
 Metaspace       used 10046K, capacity 10134K, committed 10240K, reserved 1058816K
  class space    used 1227K, capacity 1265K, committed 1280K, reserved 1048576K
}

Deoptimization events (10 events):
Event: 15.540 Thread 0x0000000018946800 Uncommon trap: reason=unstable_if action=reinterpret pc=0x00000000023ee6a4 method=java.lang.String.indexOf([CII[CIII)I @ 134
Event: 15.906 Thread 0x0000000018946800 Uncommon trap: reason=unstable_if action=reinterpret pc=0x00000000024682a0 method=java.lang.String.indexOf([CII[CIII)I @ 3
Event: 16.190 Thread 0x0000000018946800 Uncommon trap: reason=unstable_if action=reinterpret pc=0x00000000024dc5fc method=java.util.HashMap.getNode(ILjava/lang/Object;)Ljava/util/HashMap$Node; @ 129
Event: 16.211 Thread 0x0000000018946800 Uncommon trap: reason=unstable_if action=reinterpret pc=0x00000000024c8d58 method=java.io.WinNTFileSystem.normalize(Ljava/lang/String;)Ljava/lang/String; @ 128
Event: 16.240 Thread 0x0000000018946800 Uncommon trap: reason=unstable_if action=reinterpret pc=0x0000000002388268 method=java.lang.String.startsWith(Ljava/lang/String;I)Z @ 25
Event: 16.353 Thread 0x0000000018946800 Uncommon trap: reason=unstable_if action=reinterpret pc=0x0000000002456204 method=sun.misc.MetaIndex.mayContain(Ljava/lang/String;)Z @ 38
Event: 16.366 Thread 0x0000000018946800 Uncommon trap: reason=class_check action=maybe_recompile pc=0x000000000246ca1c method=java.lang.String.equals(Ljava/lang/Object;)Z @ 8
Event: 16.366 Thread 0x0000000018946800 Uncommon trap: reason=class_check action=maybe_recompile pc=0x000000000246ca1c method=java.lang.String.equals(Ljava/lang/Object;)Z @ 8
Event: 16.366 Thread 0x0000000018946800 Uncommon trap: reason=class_check action=maybe_recompile pc=0x000000000246ca1c method=java.lang.String.equals(Ljava/lang/Object;)Z @ 8
Event: 16.366 Thread 0x0000000018946800 Uncommon trap: reason=class_check action=maybe_recompile pc=0x000000000246ca1c method=java.lang.String.equals(Ljava/lang/Object;)Z @ 8

Internal exceptions (10 events):
Event: 15.601 Thread 0x0000000018946800 Exception <a 'java/lang/ClassNotFoundException': org/apache/log4j/WriterAppenderCustomizer> (0x00000000d9067650) thrown at [D:\re\puppet\workspace\8-2-build-windows-amd64-cygwin\jdk8u73\6086\hotspot\src\share\vm\classfile\systemDictionary.cpp, line 210]
Event: 15.605 Thread 0x0000000018946800 Exception <a 'java/lang/ClassNotFoundException': org/apache/log4j/ConsoleAppenderCustomizer> (0x00000000d907d528) thrown at [D:\re\puppet\workspace\8-2-build-windows-amd64-cygwin\jdk8u73\6086\hotspot\src\share\vm\classfile\systemDictionary.cpp, line 210]
Event: 15.935 Thread 0x0000000018946800 Exception <a 'java/lang/ArrayIndexOutOfBoundsException'> (0x00000000d9d1c410) thrown at [D:\re\puppet\workspace\8-2-build-windows-amd64-cygwin\jdk8u73\6086\hotspot\src\share\vm\runtime\sharedRuntime.cpp, line 605]
Event: 15.935 Thread 0x0000000018946800 Exception <a 'java/lang/ArrayIndexOutOfBoundsException'> (0x00000000d9d1d6b8) thrown at [D:\re\puppet\workspace\8-2-build-windows-amd64-cygwin\jdk8u73\6086\hotspot\src\share\vm\runtime\sharedRuntime.cpp, line 605]
Event: 15.936 Thread 0x0000000018946800 Exception <a 'java/lang/ArrayIndexOutOfBoundsException'> (0x00000000d9d1eea8) thrown at [D:\re\puppet\workspace\8-2-build-windows-amd64-cygwin\jdk8u73\6086\hotspot\src\share\vm\runtime\sharedRuntime.cpp, line 605]
Event: 15.944 Thread 0x0000000018946800 Exception <a 'java/lang/ArrayIndexOutOfBoundsException'> (0x00000000d9d451e0) thrown at [D:\re\puppet\workspace\8-2-build-windows-amd64-cygwin\jdk8u73\6086\hotspot\src\share\vm\runtime\sharedRuntime.cpp, line 605]
Event: 15.944 Thread 0x0000000018946800 Exception <a 'java/lang/ArrayIndexOutOfBoundsException'> (0x00000000d9d46448) thrown at [D:\re\puppet\workspace\8-2-build-windows-amd64-cygwin\jdk8u73\6086\hotspot\src\share\vm\runtime\sharedRuntime.cpp, line 605]
Event: 15.945 Thread 0x0000000018946800 Exception <a 'java/lang/ArrayIndexOutOfBoundsException'> (0x00000000d9d47d30) thrown at [D:\re\puppet\workspace\8-2-build-windows-amd64-cygwin\jdk8u73\6086\hotspot\src\share\vm\runtime\sharedRuntime.cpp, line 605]
Event: 15.952 Thread 0x0000000018946800 Exception <a 'java/lang/ArrayIndexOutOfBoundsException'> (0x00000000d9d6de38) thrown at [D:\re\puppet\workspace\8-2-build-windows-amd64-cygwin\jdk8u73\6086\hotspot\src\share\vm\runtime\sharedRuntime.cpp, line 605]
Event: 15.960 Thread 0x0000000018946800 Exception <a 'java/lang/ArrayIndexOutOfBoundsException'> (0x00000000d9d7d6d0) thrown at [D:\re\puppet\workspace\8-2-build-windows-amd64-cygwin\jdk8u73\6086\hotspot\src\share\vm\runtime\sharedRuntime.cpp, line 605]

Events (10 events):
Event: 18.443 loading class com/toc/coredx/DDS/DDS_OwnershipStrengthQosPolicy
Event: 18.443 loading class com/toc/coredx/DDS/DDS_OwnershipStrengthQosPolicy done
Event: 18.443 loading class com/toc/coredx/DDS/DDS_WriterDataLifecycleQosPolicy
Event: 18.443 loading class com/toc/coredx/DDS/DDS_WriterDataLifecycleQosPolicy done
Event: 18.444 loading class com/toc/coredx/DDS/CoreDX_RTPSWriterQosPolicy
Event: 18.444 loading class com/toc/coredx/DDS/CoreDX_RTPSWriterQosPolicy done
Event: 18.444 loading class com/toc/coredx/DDS/SWIGTYPE_p_DDS_DataWriterListener
Event: 18.444 loading class com/toc/coredx/DDS/SWIGTYPE_p_DDS_DataWriterListener done
Event: 18.446 loading class com/toc/coredx/DDS/SWIGTYPE_p__DataWriter
Event: 18.446 loading class com/toc/coredx/DDS/SWIGTYPE_p__DataWriter done


Dynamic libraries:
0x00007ff600de0000 - 0x00007ff600e17000 	C:\Program Files\Java\jre1.8.0_73\bin\javaw.exe
0x00007ffd17a00000 - 0x00007ffd17bc1000 	C:\WINDOWS\SYSTEM32\ntdll.dll
0x00007ffd15240000 - 0x00007ffd152ed000 	C:\WINDOWS\system32\KERNEL32.DLL
0x00007ffd14210000 - 0x00007ffd143f8000 	C:\WINDOWS\system32\KERNELBASE.dll
0x00007ffd152f0000 - 0x00007ffd15397000 	C:\WINDOWS\system32\ADVAPI32.dll
0x00007ffd153b0000 - 0x00007ffd1544d000 	C:\WINDOWS\system32\msvcrt.dll
0x00007ffd16ec0000 - 0x00007ffd16f1b000 	C:\WINDOWS\system32\sechost.dll
0x00007ffd17150000 - 0x00007ffd1726c000 	C:\WINDOWS\system32\RPCRT4.dll
0x00007ffd16ff0000 - 0x00007ffd17146000 	C:\WINDOWS\system32\USER32.dll
0x00007ffd177c0000 - 0x00007ffd17946000 	C:\WINDOWS\system32\GDI32.dll
0x00007ffd10790000 - 0x00007ffd10a04000 	C:\WINDOWS\WinSxS\amd64_microsoft.windows.common-controls_6595b64144ccf1df_6.0.10586.0_none_8c15ae12515e1c22\COMCTL32.dll
0x00007ffd16bd0000 - 0x00007ffd16e4d000 	C:\WINDOWS\system32\combase.dll
0x00007ffd141a0000 - 0x00007ffd1420a000 	C:\WINDOWS\system32\bcryptPrimitives.dll
0x00007ffd154b0000 - 0x00007ffd154eb000 	C:\WINDOWS\system32\IMM32.DLL
0x0000000065bb0000 - 0x0000000065c82000 	C:\Program Files\Java\jre1.8.0_73\bin\msvcr100.dll
0x00000000668f0000 - 0x0000000067180000 	C:\Program Files\Java\jre1.8.0_73\bin\server\jvm.dll
0x00007ffd153a0000 - 0x00007ffd153a8000 	C:\WINDOWS\system32\PSAPI.DLL
0x00007ffd08fa0000 - 0x00007ffd08fa9000 	C:\WINDOWS\SYSTEM32\WSOCK32.dll
0x00007ffd16e50000 - 0x00007ffd16ebb000 	C:\WINDOWS\system32\WS2_32.dll
0x00007ffd12b00000 - 0x00007ffd12b23000 	C:\WINDOWS\SYSTEM32\WINMM.dll
0x00007ffd106f0000 - 0x00007ffd106fa000 	C:\WINDOWS\SYSTEM32\VERSION.dll
0x00007ffd12ad0000 - 0x00007ffd12afc000 	C:\WINDOWS\SYSTEM32\WINMMBASE.dll
0x00007ffd144c0000 - 0x00007ffd14503000 	C:\WINDOWS\system32\cfgmgr32.dll
0x00000000668e0000 - 0x00000000668ef000 	C:\Program Files\Java\jre1.8.0_73\bin\verify.dll
0x00000000668b0000 - 0x00000000668d9000 	C:\Program Files\Java\jre1.8.0_73\bin\java.dll
0x0000000066890000 - 0x00000000668a6000 	C:\Program Files\Java\jre1.8.0_73\bin\zip.dll
0x00007ffd15670000 - 0x00007ffd16bcc000 	C:\WINDOWS\system32\SHELL32.dll
0x00007ffd146e0000 - 0x00007ffd14d25000 	C:\WINDOWS\system32\windows.storage.dll
0x00007ffd173c0000 - 0x00007ffd17412000 	C:\WINDOWS\system32\shlwapi.dll
0x00007ffd14080000 - 0x00007ffd1408f000 	C:\WINDOWS\system32\kernel.appcore.dll
0x00007ffd14400000 - 0x00007ffd144b5000 	C:\WINDOWS\system32\shcore.dll
0x00007ffd14030000 - 0x00007ffd1407b000 	C:\WINDOWS\system32\powrprof.dll
0x00007ffd14090000 - 0x00007ffd140a4000 	C:\WINDOWS\system32\profapi.dll
0x00007ffd07960000 - 0x00007ffd07a1c000 	C:\DDS\CoreDX_DDS\coredx-3.6.8-Evaluation\target\Windows_x86_64_vs2010\lib\dds_java.dll
0x00007ffd0af30000 - 0x00007ffd0af68000 	C:\WINDOWS\SYSTEM32\IPHLPAPI.DLL
0x00007ffd177b0000 - 0x00007ffd177b8000 	C:\WINDOWS\system32\NSI.dll
0x00007ffd0a7d0000 - 0x00007ffd0a7ea000 	C:\WINDOWS\SYSTEM32\dhcpcsvc.DLL
0x00007ffd13ca0000 - 0x00007ffd13ccd000 	C:\WINDOWS\SYSTEM32\SspiCli.dll
0x00007ffd0a2b0000 - 0x00007ffd0a2c6000 	C:\WINDOWS\SYSTEM32\dhcpcsvc6.DLL
0x00007ffd138f0000 - 0x00007ffd1394c000 	C:\WINDOWS\system32\mswsock.dll
0x0000000065b70000 - 0x0000000065b7d000 	C:\Program Files\Java\jre1.8.0_73\bin\management.dll
0x0000000066870000 - 0x000000006688a000 	C:\Program Files\Java\jre1.8.0_73\bin\net.dll
0x0000000066850000 - 0x0000000066861000 	C:\Program Files\Java\jre1.8.0_73\bin\nio.dll
0x00007ffd139a0000 - 0x00007ffd139b7000 	C:\WINDOWS\SYSTEM32\CRYPTSP.dll
0x00007ffd13630000 - 0x00007ffd13664000 	C:\WINDOWS\system32\rsaenh.dll
0x00007ffd13f50000 - 0x00007ffd13f79000 	C:\WINDOWS\SYSTEM32\bcrypt.dll
0x00007ffd13780000 - 0x00007ffd1379f000 	C:\WINDOWS\SYSTEM32\USERENV.dll
0x00007ffd13ac0000 - 0x00007ffd13acb000 	C:\WINDOWS\SYSTEM32\CRYPTBASE.dll
0x00007ffd00290000 - 0x00007ffd0041c000 	C:\WINDOWS\SYSTEM32\dbghelp.dll

VM Arguments:
jvm_args: -Djava.library.path=C:\DDS\CoreDX_DDS\coredx-3.6.8-Evaluation\target\Windows_x86_64_vs2010\lib -Dfile.encoding=Cp1252 
java_command: br.ufg.inf.mestrado.hermeswidget.client.sensor.temperature.App_HW_Temperature 34 1
java_class_path (initial): C:\Hermes\WorkspaceHermes\HermesWidget\bin;C:\Hermes\WorkspaceHermes\HermesWidget\lib\aterm-java-1.6.jar;C:\Hermes\WorkspaceHermes\HermesWidget\lib\commons-codec-1.6.jar;C:\Hermes\WorkspaceHermes\HermesWidget\lib\coredx_dds.jar;C:\Hermes\WorkspaceHermes\HermesWidget\lib\ddssinalvital.jar;C:\Hermes\WorkspaceHermes\HermesWidget\lib\hermesbase.jar;C:\Hermes\WorkspaceHermes\HermesWidget\lib\httpclient-4.2.3.jar;C:\Hermes\WorkspaceHermes\HermesWidget\lib\httpcore-4.2.2.jar;C:\Hermes\WorkspaceHermes\HermesWidget\lib\jcl-over-slf4j-1.6.4.jar;C:\Hermes\WorkspaceHermes\HermesWidget\lib\jena-arq-2.10.0.jar;C:\Hermes\WorkspaceHermes\HermesWidget\lib\jena-core-2.10.0.jar;C:\Hermes\WorkspaceHermes\HermesWidget\lib\jena-core-2.12.1.jar;C:\Hermes\WorkspaceHermes\HermesWidget\lib\jena-iri-0.9.5.jar;C:\Hermes\WorkspaceHermes\HermesWidget\lib\jena-tdb-0.10.0.jar;C:\Hermes\WorkspaceHermes\HermesWidget\lib\jgrapht-jdk1.5-0.7.3.jar;C:\Hermes\WorkspaceHermes\HermesWidget\lib\json.jar;C:\Hermes\WorkspaceHermes\HermesWidget\lib\kaon2.jar;C:\Hermes\WorkspaceHermes\HermesWidget\lib\log4j-1.2.16.jar;C:\Hermes\WorkspaceHermes\HermesWidget\lib\opencsv-3.1.jar;C:\Hermes\WorkspaceHermes\HermesWidget\lib\owlapi-distribution-3.4.10.jar;C:\Hermes\WorkspaceHermes\HermesWidget\lib\pellet-cli.jar;C:\Hermes\WorkspaceHermes\HermesWidget\lib\pellet-core.jar;C:\Hermes\WorkspaceHermes\HermesWidget\lib\pellet-datatypes.jar;C:\Hermes\WorkspaceHermes\HermesWidget\lib\pellet-el.jar;C:\Hermes\WorkspaceHermes\HermesWidget\lib\pellet-explanation.jar;C:\Hermes\WorkspaceHermes\HermesWidget\lib\pellet-jena.jar;C:\Hermes\WorkspaceHermes\HermesWidget\lib\pellet-modularity.jar;C:\Hermes\WorkspaceHermes\HermesWidget\lib\pellet-owlapiv3.jar;C:\Hermes\WorkspaceHermes\HermesWidget\lib\pellet-pellint.jar;C:\Hermes\WorkspaceHermes\HermesWidget\lib\pellet-query.jar;C:\Hermes\WorkspaceHermes\HermesWidget\lib\pellet-rules.jar;C:\Hermes\WorkspaceHermes\HermesWidget\lib\pellet-test.jar;C:\Hermes\Worksp
Launcher Type: SUN_STANDARD

Environment Variables:
JAVA_HOME=C:\Program Files\Java\jdk1.7.0_45
PATH=C:/Program Files/Java/jre1.8.0_73/bin/server;C:/Program Files/Java/jre1.8.0_73/bin;C:/Program Files/Java/jre1.8.0_73/lib/amd64;C:\ProgramData\Oracle\Java\javapath;C:\Program Files (x86)\NVIDIA Corporation\PhysX\Common;c:\Program Files (x86)\Intel\iCLS Client\;c:\Program Files\Intel\iCLS Client\;C:\WINDOWS\system32;C:\WINDOWS;C:\WINDOWS\System32\Wbem;C:\WINDOWS\System32\WindowsPowerShell\v1.0\;C:\Program Files (x86)\Windows Live\Shared;C:\Program Files\MiKTeX 2.9\miktex\bin\x64\;%JAVA_HOME%\bin;%JENAROOT\bin\bat;C:\WINDOWS\system32;C:\WINDOWS;C:\WINDOWS\System32\Wbem;C:\WINDOWS\System32\WindowsPowerShell\v1.0\;C:\Program Files\Intel\Intel(R) Management Engine Components\DAL;C:\Program Files\Intel\Intel(R) Management Engine Components\IPT;C:\Program Files (x86)\Intel\Intel(R) Management Engine Components\DAL;C:\Program Files (x86)\Intel\Intel(R) Management Engine Components\IPT;C:\Program Files\Java\jdk1.7.0_45\bin;C:\Program Files (x86)\Skype\Phone\;C:\eclipse;
USERNAME=Ernesto
LD_LIBRARY_PATH=C:\DDS\CoreDX_DDS\coredx-3.6.8-Evaluation\target\Windows_x86_64_vs2010\lib
OS=Windows_NT
PROCESSOR_IDENTIFIER=Intel64 Family 6 Model 58 Stepping 9, GenuineIntel



---------------  S Y S T E M  ---------------

OS: Windows 10.0 , 64 bit Build 10586 (10.0.10586.0)

CPU:total 4 (2 cores per cpu, 2 threads per core) family 6 model 58 stepping 9, cmov, cx8, fxsr, mmx, sse, sse2, sse3, ssse3, sse4.1, sse4.2, popcnt, avx, aes, clmul, erms, ht, tsc, tscinvbit, tscinv

Memory: 4k page, physical 8263424k(4042524k free), swap 11278080k(3713588k free)

vm_info: Java HotSpot(TM) 64-Bit Server VM (25.73-b02) for windows-amd64 JRE (1.8.0_73-b02), built on Jan 29 2016 17:38:49 by "java_re" with MS VC++ 10.0 (VS2010)

time: Tue May 10 01:15:12 2016
elapsed time: 18 seconds (0d 0h 0m 18s)

